#
# There is insufficient memory for the Java Runtime Environment to continue.
# Native memory allocation (mmap) failed to map 134217728 bytes for Failed to commit area from 0x0000000081c00000 to 0x0000000089c00000 of length 134217728.
# Possible reasons:
#   The system is out of physical RAM or swap space
#   The process is running with CompressedOops enabled, and the Java Heap may be blocking the growth of the native heap
# Possible solutions:
#   Reduce memory load on the system
#   Increase physical memory or swap space
#   Check if swap backing store is full
#   Decrease Java heap size (-Xmx/-Xms)
#   Decrease number of Java threads
#   Decrease Java thread stack sizes (-Xss)
#   Set larger code cache with -XX:ReservedCodeCacheSize=
#   JVM is running with Unscaled Compressed Oops mode in which the Java heap is
#     placed in the first 4GB address space. The Java Heap base address is the
#     maximum limit for the native heap growth. Please use -XX:HeapBaseMinAddress
#     to set the Java Heap base and to place the Java Heap above 4GB virtual address.
# This output file may be truncated or incomplete.
#
#  Out of Memory Error (./open/src/hotspot/os/windows/os_windows.cpp:3315), pid=1668, tid=8116
#
# JRE version:  (14.0.1+7) (build )
# Java VM: Java HotSpot(TM) 64-Bit Server VM (14.0.1+7, mixed mode, sharing, tiered, compressed oops, g1 gc, windows-amd64)
# No core dump will be written. Minidumps are not enabled by default on client versions of Windows
#

---------------  S U M M A R Y ------------

Command Line: -javaagent:C:\Program Files\JetBrains\IntelliJ IDEA Community Edition 2020.1.1\lib\idea_rt.jar=56782:C:\Program Files\JetBrains\IntelliJ IDEA Community Edition 2020.1.1\bin -Dfile.encoding=UTF-8 com.company.Main

Host: Intel(R) Core(TM) i5-7200U CPU @ 2.50GHz, 4 cores, 7G,  Windows 10 , 64 bit Build 18362 (10.0.18362.778)
Time: Fri May  8 13:02:40 2020 Türkiye Standart Saati elapsed time: 0 seconds (0d 0h 0m 0s)

---------------  T H R E A D  ---------------

Current thread (0x000001dbc6d8d000):  JavaThread "Unknown thread" [_thread_in_vm, id=8116, stack(0x0000006511200000,0x0000006511300000)]

Stack: [0x0000006511200000,0x0000006511300000]
Native frames: (J=compiled Java code, j=interpreted, Vv=VM code, C=native code)
V  [jvm.dll+0x5f840a]
V  [jvm.dll+0x741e4a]
V  [jvm.dll+0x7435ff]
V  [jvm.dll+0x743c43]
V  [jvm.dll+0x20d288]
V  [jvm.dll+0x5f57ba]
V  [jvm.dll+0x5ea615]
V  [jvm.dll+0x2c7e9c]
V  [jvm.dll+0x2c7cd2]
V  [jvm.dll+0x2cdbbc]
V  [jvm.dll+0x313ff8]
V  [jvm.dll+0x313720]
V  [jvm.dll+0x2a092a]
V  [jvm.dll+0x2a1a79]
V  [jvm.dll+0x71f718]
V  [jvm.dll+0x321c44]
V  [jvm.dll+0x700b0c]
V  [jvm.dll+0x392dff]
V  [jvm.dll+0x394e71]
C  [jli.dll+0x523b]
C  [ucrtbase.dll+0x20e72]
C  [KERNEL32.DLL+0x17bd4]
C  [ntdll.dll+0x6ce51]


---------------  P R O C E S S  ---------------

Threads class SMR info:
_java_thread_list=0x00007ff930b73078, length=0, elements={
}

Java Threads: ( => current thread )

Other Threads:
  0x000001dbc6dcf800 GCTaskThread "GC Thread#0" [stack: 0x0000006511300000,0x0000006511400000] [id=11256]
  0x000001dbc6de2800 ConcurrentGCThread "G1 Main Marker" [stack: 0x0000006511400000,0x0000006511500000] [id=2788]
  0x000001dbc6de4000 ConcurrentGCThread "G1 Conc#0" [stack: 0x0000006511500000,0x0000006511600000] [id=1356]

[error occurred during error reporting (printing all threads), id 0xc0000005, EXCEPTION_ACCESS_VIOLATION (0xc0000005) at pc=0x00007ff9303a1257]

VM state:not at safepoint (not fully initialized)

VM Mutex/Monitor currently owned by a thread:  ([mutex/lock_event])
[0x000001dbc6d88ba0] Heap_lock - owner thread: 0x000001dbc6d8d000

Heap address: 0x0000000081c00000, size: 2020 MB, Compressed Oops mode: 32-bit
Narrow klass base: 0x0000000000000000, Narrow klass shift: 0

GC Heap History (0 events):
No events

Deoptimization events (0 events):
No events

Classes unloaded (0 events):
No events

Classes redefined (0 events):
No events

Internal exceptions (0 events):
No events

Events (2 events):
Event: 0.048 Loaded shared library C:\Program Files\Java\jdk-14.0.1\bin\java.dll
Event: 0.048 Loaded shared library C:\Program Files\Java\jdk-14.0.1\bin\zip.dll


Dynamic libraries:
0x00007ff716b90000 - 0x00007ff716b9f000 	C:\Program Files\Java\jdk-14.0.1\bin\java.exe
0x00007ff98c120000 - 0x00007ff98c310000 	C:\Windows\SYSTEM32\ntdll.dll
0x00007ff98ab10000 - 0x00007ff98abc2000 	C:\Windows\System32\KERNEL32.DLL
0x00007ff989f20000 - 0x00007ff98a1c3000 	C:\Windows\System32\KERNELBASE.dll
0x00007ff989d60000 - 0x00007ff989e5a000 	C:\Windows\System32\ucrtbase.dll
0x00007ff9786f0000 - 0x00007ff978708000 	C:\Program Files\Java\jdk-14.0.1\bin\jli.dll
0x00007ff98aa60000 - 0x00007ff98ab03000 	C:\Windows\System32\ADVAPI32.dll
0x00007ff98a7b0000 - 0x00007ff98a84e000 	C:\Windows\System32\msvcrt.dll
0x00007ff98b240000 - 0x00007ff98b2d7000 	C:\Windows\System32\sechost.dll
0x00007ff98a2e0000 - 0x00007ff98a400000 	C:\Windows\System32\RPCRT4.dll
0x00007ff98bf40000 - 0x00007ff98c0d4000 	C:\Windows\System32\USER32.dll
0x00007ff989e60000 - 0x00007ff989e81000 	C:\Windows\System32\win32u.dll
0x00007ff98a1e0000 - 0x00007ff98a206000 	C:\Windows\System32\GDI32.dll
0x00007ff989930000 - 0x00007ff989ac4000 	C:\Windows\System32\gdi32full.dll
0x00007ff989af0000 - 0x00007ff989b8e000 	C:\Windows\System32\msvcp_win.dll
0x00007ff97ba40000 - 0x00007ff97ba55000 	C:\Program Files\Java\jdk-14.0.1\bin\VCRUNTIME140.dll
0x00007ff987290000 - 0x00007ff98729a000 	C:\Windows\SYSTEM32\VERSION.dll
0x00007ff979e40000 - 0x00007ff97a0c5000 	C:\Windows\WinSxS\amd64_microsoft.windows.common-controls_6595b64144ccf1df_6.0.18362.778_none_e6c6b761130d4fb8\COMCTL32.dll
0x00007ff98ba60000 - 0x00007ff98bd96000 	C:\Windows\System32\combase.dll
0x00007ff989ce0000 - 0x00007ff989d60000 	C:\Windows\System32\bcryptPrimitives.dll
0x00007ff98b120000 - 0x00007ff98b14e000 	C:\Windows\System32\IMM32.DLL
0x00007ff952410000 - 0x00007ff9524ab000 	C:\Program Files\Java\jdk-14.0.1\bin\msvcp140.dll
0x00007ff9300f0000 - 0x00007ff930c0e000 	C:\Program Files\Java\jdk-14.0.1\bin\server\jvm.dll
0x00007ff98b230000 - 0x00007ff98b238000 	C:\Windows\System32\PSAPI.DLL
0x00007ff976fd0000 - 0x00007ff976fd9000 	C:\Windows\SYSTEM32\WSOCK32.dll
0x00007ff98b2e0000 - 0x00007ff98b34f000 	C:\Windows\System32\WS2_32.dll
0x00007ff984c20000 - 0x00007ff984c44000 	C:\Windows\SYSTEM32\WINMM.dll
0x00007ff984bf0000 - 0x00007ff984c1d000 	C:\Windows\SYSTEM32\WINMMBASE.dll
0x00007ff9898e0000 - 0x00007ff98992a000 	C:\Windows\System32\cfgmgr32.dll
0x00007ff988ff0000 - 0x00007ff989001000 	C:\Windows\System32\kernel.appcore.dll
0x00007ff983c30000 - 0x00007ff983c3a000 	C:\Program Files\Java\jdk-14.0.1\bin\jimage.dll
0x00007ff9878c0000 - 0x00007ff987ab4000 	C:\Windows\SYSTEM32\DBGHELP.DLL
0x00007ff964a70000 - 0x00007ff964a9a000 	C:\Windows\SYSTEM32\dbgcore.DLL
0x00007ff9785b0000 - 0x00007ff9785be000 	C:\Program Files\Java\jdk-14.0.1\bin\instrument.dll
0x00007ff9785c0000 - 0x00007ff9785e5000 	C:\Program Files\Java\jdk-14.0.1\bin\java.dll
0x00007ff9786d0000 - 0x00007ff9786e6000 	C:\Program Files\Java\jdk-14.0.1\bin\zip.dll

dbghelp: loaded successfully - version: 4.0.5 - missing functions: none
symbol engine: initialized successfully - sym options: 0x614 - pdb path: .;C:\Program Files\Java\jdk-14.0.1\bin;C:\Windows\SYSTEM32;C:\Windows\WinSxS\amd64_microsoft.windows.common-controls_6595b64144ccf1df_6.0.18362.778_none_e6c6b761130d4fb8;C:\Program Files\Java\jdk-14.0.1\bin\server

VM Arguments:
jvm_args: -javaagent:C:\Program Files\JetBrains\IntelliJ IDEA Community Edition 2020.1.1\lib\idea_rt.jar=56782:C:\Program Files\JetBrains\IntelliJ IDEA Community Edition 2020.1.1\bin -Dfile.encoding=UTF-8 
java_command: com.company.Main
java_class_path (initial): C:\Users\asus\IdeaProjects\odevNYAT\out\production\odevNYAT;C:\Users\asus\Downloads\postgresql-42.2.12.jar
Launcher Type: SUN_STANDARD

[Global flags]
     intx CICompilerCount                          = 3                                         {product} {ergonomic}
     uint ConcGCThreads                            = 1                                         {product} {ergonomic}
     uint G1ConcRefinementThreads                  = 4                                         {product} {ergonomic}
   size_t G1HeapRegionSize                         = 1048576                                   {product} {ergonomic}
    uintx GCDrainStackTargetSize                   = 64                                        {product} {ergonomic}
   size_t InitialHeapSize                          = 134217728                                 {product} {ergonomic}
   size_t MarkStackSize                            = 4194304                                   {product} {ergonomic}
   size_t MaxHeapSize                              = 2118123520                                {product} {ergonomic}
   size_t MinHeapDeltaBytes                        = 1048576                                   {product} {ergonomic}
   size_t MinHeapSize                              = 8388608                                   {product} {ergonomic}
    uintx NonNMethodCodeHeapSize                   = 5832780                                {pd product} {ergonomic}
    uintx NonProfiledCodeHeapSize                  = 122912730                              {pd product} {ergonomic}
    uintx ProfiledCodeHeapSize                     = 122912730                              {pd product} {ergonomic}
    uintx ReservedCodeCacheSize                    = 251658240                              {pd product} {ergonomic}
     bool SegmentedCodeCache                       = true                                      {product} {ergonomic}
   size_t SoftMaxHeapSize                          = 2118123520                             {manageable} {ergonomic}
     bool UseCompressedClassPointers               = true                                 {lp64_product} {ergonomic}
     bool UseCompressedOops                        = true                                 {lp64_product} {ergonomic}
     bool UseG1GC                                  = true                                      {product} {ergonomic}
     bool UseLargePagesIndividualAllocation        = false                                  {pd product} {ergonomic}

Logging:
Log output configuration:
 #0: stdout all=warning uptime,level,tags
 #1: stderr all=off uptime,level,tags

Environment Variables:
PATH=C:\Program Files\Microsoft MPI\Bin\;C:\Program Files (x86)\Intel\iCLS Client\;C:\Program Files\Intel\iCLS Client\;C:\Windows\system32;C:\Windows;C:\Windows\System32\Wbem;C:\Windows\System32\WindowsPowerShell\v1.0\;C:\Program Files (x86)\NVIDIA Corporation\PhysX\Common;C:\Program Files (x86)\Intel\Intel(R) Management Engine Components\DAL;C:\Program Files\Intel\Intel(R) Management Engine Components\DAL;C:\Program Files (x86)\Intel\Intel(R) Management Engine Components\IPT;C:\Program Files\Intel\Intel(R) Management Engine Components\IPT;C:\Windows\system32;C:\Windows;C:\Windows\System32\Wbem;C:\Windows\System32\WindowsPowerShell\v1.0\;C:\Windows\System32\OpenSSH\;C:\Program Files\dotnet\;C:\Program Files\Microsoft SQL Server\130\Tools\Binn\;C:\Program Files\Microsoft SQL Server\Client SDK\ODBC\130\Tools\Binn\;C:\Program Files (x86)\Microsoft SQL Server\140\Tools\Binn\;C:\Program Files\Microsoft SQL Server\140\Tools\Binn\;C:\Program Files\Microsoft SQL Server\140\DTS\Binn\;C:\Program Files (x86)\Microsoft SQL Server\150\DTS\Binn\;C:\Program Files\PuTTY\;C:\Program Files\nodejs\;C:\Users\asus\AppData\Local\Microsoft\WindowsApps;c:\mingw\bin;C:\Program Files\JetBrains\PyCharm Community Edition 2019.2.5\bin;C:\Users\asus\AppData\Local\Programs\Microsoft VS Code\bin;C:\Users\asus\AppData\Local\GitHubDesktop\bin;C:\Users\asus\AppData\Roaming\npm;
USERNAME=asus
OS=Windows_NT
PROCESSOR_IDENTIFIER=Intel64 Family 6 Model 142 Stepping 9, GenuineIntel



---------------  S Y S T E M  ---------------

OS: Windows 10 , 64 bit Build 18362 (10.0.18362.778)
OS uptime: 4 days 17:59 hours

CPU:total 4 (initial active 4) (2 cores per cpu, 2 threads per core) family 6 model 142 stepping 9, cmov, cx8, fxsr, mmx, sse, sse2, sse3, ssse3, sse4.1, sse4.2, popcnt, avx, avx2, aes, clmul, erms, 3dnowpref, lzcnt, ht, tsc, tscinvbit, bmi1, bmi2, adx, fma

Memory: 4k page, system-wide physical 8075M (1619M free)
TotalPageFile size 8075M (AvailPageFile size 122M)
current process WorkingSet (physical memory assigned to process): 10M, peak: 10M
current process commit charge ("private bytes"): 52M, peak: 179M

vm_info: Java HotSpot(TM) 64-Bit Server VM (14.0.1+7) for windows-amd64 JRE (14.0.1+7), built on Mar  5 2020 10:30:14 by "mach5one" with MS VC++ 15.9 (VS2017)

END.
